#
# There is insufficient memory for the Java Runtime Environment to continue.
# Native memory allocation (mmap) failed to map 364904448 bytes for Failed to commit area from 0x000000070f000000 to 0x0000000724c00000 of length 364904448.
# Possible reasons:
#   The system is out of physical RAM or swap space
#   The process is running with CompressedOops enabled, and the Java Heap may be blocking the growth of the native heap
# Possible solutions:
#   Reduce memory load on the system
#   Increase physical memory or swap space
#   Check if swap backing store is full
#   Decrease Java heap size (-Xmx/-Xms)
#   Decrease number of Java threads
#   Decrease Java thread stack sizes (-Xss)
#   Set larger code cache with -XX:ReservedCodeCacheSize=
#   JVM is running with Zero Based Compressed Oops mode in which the Java heap is
#     placed in the first 32GB address space. The Java Heap base address is the
#     maximum limit for the native heap growth. Please use -XX:HeapBaseMinAddress
#     to set the Java Heap base and to place the Java Heap above 32GB virtual address.
# This output file may be truncated or incomplete.
#
#  Out of Memory Error (t:/workspace/open/src/hotspot/os/windows/os_windows.cpp:3301), pid=1276, tid=12880
#
# JRE version: Java(TM) SE Runtime Environment (13.0.2+8) (build 13.0.2+8)
# Java VM: Java HotSpot(TM) 64-Bit Server VM (13.0.2+8, mixed mode, sharing, tiered, compressed oops, g1 gc, windows-amd64)
# No core dump will be written. Minidumps are not enabled by default on client versions of Windows
#

---------------  S U M M A R Y ------------

Command Line: -Dfile.encoding=Cp1250 Main

Host: Intel(R) Core(TM) i7-8750H CPU @ 2.20GHz, 12 cores, 15G,  Windows 10 , 64 bit Build 17763 (10.0.17763.1158)
Time: Mon Jun  1 02:04:37 2020 ?rodkowoeuropejski czas letni elapsed time: 454250 seconds (5d 6h 10m 50s)

---------------  T H R E A D  ---------------

Current thread (0x0000020fa8437000):  VMThread "VM Thread" [stack: 0x0000009f45000000,0x0000009f45100000] [id=12880]

Stack: [0x0000009f45000000,0x0000009f45100000]
[error occurred during error reporting (printing stack bounds), id 0xc0000005, EXCEPTION_ACCESS_VIOLATION (0xc0000005) at pc=0x0000020f8caa10ad]

Native frames: (J=compiled Java code, j=interpreted, Vv=VM code, C=native code)
V  [jvm.dll+0x624f9a]
V  [jvm.dll+0x770cfa]
V  [jvm.dll+0x7724af]
V  [jvm.dll+0x772a15]
V  [jvm.dll+0x7729cb]
V  [jvm.dll+0x6244df]
C  [ntdll.dll+0x66b26]
C  [ntdll.dll+0x4849]
C  [ntdll.dll+0xa350e]
C  0x0000020f8caa10ad

VM_Operation (0x0000009f44afdc50): G1CollectForAllocation, mode: safepoint, requested by thread 0x0000020f8459b800


---------------  P R O C E S S  ---------------

Threads class SMR info:
_java_thread_list=0x0000020fa8e426e0, length=10, elements={
0x0000020f8459b800, 0x0000020fa8438000, 0x0000020fa843b000, 0x0000020fa8cdb000,
0x0000020fa8cdc800, 0x0000020fa8cdd800, 0x0000020fa8ce6800, 0x0000020fa8cec800,
0x0000020fa8e3b800, 0x0000020fa8e43000
}

Java Threads: ( => current thread )
  0x0000020f8459b800 JavaThread "main" [_thread_blocked, id=10944, stack(0x0000009f44a00000,0x0000009f44b00000)]
  0x0000020fa8438000 JavaThread "Reference Handler" daemon [_thread_blocked, id=10544, stack(0x0000009f45100000,0x0000009f45200000)]
  0x0000020fa843b000 JavaThread "Finalizer" daemon [_thread_blocked, id=9560, stack(0x0000009f45200000,0x0000009f45300000)]
  0x0000020fa8cdb000 JavaThread "Signal Dispatcher" daemon [_thread_blocked, id=13572, stack(0x0000009f45300000,0x0000009f45400000)]
  0x0000020fa8cdc800 JavaThread "Attach Listener" daemon [_thread_blocked, id=11548, stack(0x0000009f45400000,0x0000009f45500000)]
  0x0000020fa8cdd800 JavaThread "C2 CompilerThread0" daemon [_thread_blocked, id=7008, stack(0x0000009f45500000,0x0000009f45600000)]
  0x0000020fa8ce6800 JavaThread "C1 CompilerThread0" daemon [_thread_blocked, id=4744, stack(0x0000009f45600000,0x0000009f45700000)]
  0x0000020fa8cec800 JavaThread "Sweeper thread" daemon [_thread_blocked, id=12888, stack(0x0000009f45700000,0x0000009f45800000)]
  0x0000020fa8e3b800 JavaThread "Service Thread" daemon [_thread_blocked, id=13756, stack(0x0000009f45800000,0x0000009f45900000)]
  0x0000020fa8e43000 JavaThread "Common-Cleaner" daemon [_thread_blocked, id=11156, stack(0x0000009f45a00000,0x0000009f45b00000)]

Other Threads:
=>0x0000020fa8437000 VMThread "VM Thread" [stack: 0x0000009f45000000,0x0000009f45100000] [id=12880]
  0x0000020fa8e3d000 WatcherThread [stack: 0x0000009f45900000,0x0000009f45a00000] [id=6300]
  0x0000020f84604000 GCTaskThread "GC Thread#0" [stack: 0x0000009f44b00000,0x0000009f44c00000] [id=9968]
  0x0000020fa8e53800 GCTaskThread "GC Thread#1" [stack: 0x0000009f45b00000,0x0000009f45c00000] [id=9008]
  0x0000020fa8e54000 GCTaskThread "GC Thread#2" [stack: 0x0000009f45c00000,0x0000009f45d00000] [id=11892]
  0x0000020fa8e5f800 GCTaskThread "GC Thread#3" [stack: 0x0000009f45d00000,0x0000009f45e00000] [id=5784]
  0x0000020fa8e61000 GCTaskThread "GC Thread#4" [stack: 0x0000009f45e00000,0x0000009f45f00000] [id=10160]
  0x0000020fa8e67800 GCTaskThread "GC Thread#5" [stack: 0x0000009f45f00000,0x0000009f46000000] [id=2936]
  0x0000020fa8e68800 GCTaskThread "GC Thread#6" [stack: 0x0000009f46000000,0x0000009f46100000] [id=1840]
  0x0000020fa8e62000 GCTaskThread "GC Thread#7" [stack: 0x0000009f46100000,0x0000009f46200000] [id=7240]
  0x0000020fa8e63000 GCTaskThread "GC Thread#8" [stack: 0x0000009f46200000,0x0000009f46300000] [id=10808]
  0x0000020fa8e64000 GCTaskThread "GC Thread#9" [stack: 0x0000009f46300000,0x0000009f46400000] [id=10212]
  0x0000020f84626800 ConcurrentGCThread "G1 Main Marker" [stack: 0x0000009f44c00000,0x0000009f44d00000] [id=9436]
  0x0000020f84628000 ConcurrentGCThread "G1 Conc#0" [stack: 0x0000009f44d00000,0x0000009f44e00000] [id=5992]
  0x0000020fa8e65800 ConcurrentGCThread "G1 Conc#1" [stack: 0x0000009f46400000,0x0000009f46500000] [id=4004]
  0x0000020fa8e65000 ConcurrentGCThread "G1 Conc#2" [stack: 0x0000009f46500000,0x0000009f46600000] [id=10776]
  0x0000020fa8333000 ConcurrentGCThread "G1 Refine#0" [stack: 0x0000009f44e00000,0x0000009f44f00000] [id=12584]
  0x0000020fa8334000 ConcurrentGCThread "G1 Young RemSet Sampling" [stack: 0x0000009f44f00000,0x0000009f45000000] [id=8308]

Threads with active compile tasks:

VM state:at safepoint (normal execution)

VM Mutex/Monitor currently owned by a thread:  ([mutex/lock_event])
[0x0000020f845984d0] Threads_lock - owner thread: 0x0000020fa8437000
[0x0000020f84598cb0] Heap_lock - owner thread: 0x0000020f8459b800

Heap address: 0x0000000704200000, size: 4030 MB, Compressed Oops mode: Zero based, Oop shift amount: 3
Narrow klass base: 0x0000000800000000, Narrow klass shift: 3
Compressed class space size: 1073741824 Address: 0x0000000800b40000

Heap:
 garbage-first heap   total 534528K, used 25147K [0x0000000704200000, 0x0000000800000000)
  region size 1024K, 1 young (1024K), 1 survivors (1024K)
 Metaspace       used 242K, capacity 4494K, committed 4864K, reserved 1056768K
  class space    used 9K, capacity 386K, committed 512K, reserved 1048576K
Heap Regions: E=young(eden), S=young(survivor), O=old, HS=humongous(starts), HC=humongous(continues), CS=collection set, F=free, A=archive, TAMS=top-at-mark-start (previous, next)
|   0|0x0000000704200000, 0x000000070428c200, 0x0000000704300000| 54%| O|  |TAMS 0x000000070428c200, 0x000000070428c200| Untracked 
|   1|0x0000000704300000, 0x0000000704300000, 0x0000000704400000|  0%| F|  |TAMS 0x0000000704300000, 0x0000000704300000| Untracked 
|   2|0x0000000704400000, 0x0000000704400000, 0x0000000704500000|  0%| F|  |TAMS 0x0000000704400000, 0x0000000704400000| Untracked 
|   3|0x0000000704500000, 0x0000000704500000, 0x0000000704600000|  0%| F|  |TAMS 0x0000000704500000, 0x0000000704500000| Untracked 
|   4|0x0000000704600000, 0x0000000704600000, 0x0000000704700000|  0%| F|  |TAMS 0x0000000704600000, 0x0000000704600000| Untracked 
|   5|0x0000000704700000, 0x0000000704700000, 0x0000000704800000|  0%| F|  |TAMS 0x0000000704700000, 0x0000000704700000| Untracked 
|   6|0x0000000704800000, 0x0000000704800000, 0x0000000704900000|  0%| F|  |TAMS 0x0000000704800000, 0x0000000704800000| Untracked 
|   7|0x0000000704900000, 0x0000000704900000, 0x0000000704a00000|  0%| F|  |TAMS 0x0000000704900000, 0x0000000704900000| Untracked 
|   8|0x0000000704a00000, 0x0000000704a00000, 0x0000000704b00000|  0%| F|  |TAMS 0x0000000704a00000, 0x0000000704a00000| Untracked 
|   9|0x0000000704b00000, 0x0000000704b00000, 0x0000000704c00000|  0%| F|  |TAMS 0x0000000704b00000, 0x0000000704b00000| Untracked 
|  10|0x0000000704c00000, 0x0000000704c00000, 0x0000000704d00000|  0%| F|  |TAMS 0x0000000704c00000, 0x0000000704c00000| Untracked 
|  11|0x0000000704d00000, 0x0000000704d00000, 0x0000000704e00000|  0%| F|  |TAMS 0x0000000704d00000, 0x0000000704d00000| Untracked 
|  12|0x0000000704e00000, 0x0000000704e00000, 0x0000000704f00000|  0%| F|  |TAMS 0x0000000704e00000, 0x0000000704e00000| Untracked 
|  13|0x0000000704f00000, 0x0000000704f00000, 0x0000000705000000|  0%| F|  |TAMS 0x0000000704f00000, 0x0000000704f00000| Untracked 
|  14|0x0000000705000000, 0x0000000705000000, 0x0000000705100000|  0%| F|  |TAMS 0x0000000705000000, 0x0000000705000000| Untracked 
|  15|0x0000000705100000, 0x0000000705100000, 0x0000000705200000|  0%| F|  |TAMS 0x0000000705100000, 0x0000000705100000| Untracked 
|  16|0x0000000705200000, 0x0000000705200000, 0x0000000705300000|  0%| F|  |TAMS 0x0000000705200000, 0x0000000705200000| Untracked 
|  17|0x0000000705300000, 0x0000000705300000, 0x0000000705400000|  0%| F|  |TAMS 0x0000000705300000, 0x0000000705300000| Untracked 
|  18|0x0000000705400000, 0x0000000705400000, 0x0000000705500000|  0%| F|  |TAMS 0x0000000705400000, 0x0000000705400000| Untracked 
|  19|0x0000000705500000, 0x0000000705500000, 0x0000000705600000|  0%| F|  |TAMS 0x0000000705500000, 0x0000000705500000| Untracked 
|  20|0x0000000705600000, 0x0000000705600000, 0x0000000705700000|  0%| F|  |TAMS 0x0000000705600000, 0x0000000705600000| Untracked 
|  21|0x0000000705700000, 0x0000000705700000, 0x0000000705800000|  0%| F|  |TAMS 0x0000000705700000, 0x0000000705700000| Untracked 
|  22|0x0000000705800000, 0x0000000705800000, 0x0000000705900000|  0%| F|  |TAMS 0x0000000705800000, 0x0000000705800000| Untracked 
|  23|0x0000000705900000, 0x0000000705900000, 0x0000000705a00000|  0%| F|  |TAMS 0x0000000705900000, 0x0000000705900000| Untracked 
|  24|0x0000000705a00000, 0x0000000705a00000, 0x0000000705b00000|  0%| F|  |TAMS 0x0000000705a00000, 0x0000000705a00000| Untracked 
|  25|0x0000000705b00000, 0x0000000705b00000, 0x0000000705c00000|  0%| F|  |TAMS 0x0000000705b00000, 0x0000000705b00000| Untracked 
|  26|0x0000000705c00000, 0x0000000705c00000, 0x0000000705d00000|  0%| F|  |TAMS 0x0000000705c00000, 0x0000000705c00000| Untracked 
|  27|0x0000000705d00000, 0x0000000705d00000, 0x0000000705e00000|  0%| F|  |TAMS 0x0000000705d00000, 0x0000000705d00000| Untracked 
|  28|0x0000000705e00000, 0x0000000705e00000, 0x0000000705f00000|  0%| F|  |TAMS 0x0000000705e00000, 0x0000000705e00000| Untracked 
|  29|0x0000000705f00000, 0x0000000705f01200, 0x0000000706000000|  0%| O|  |TAMS 0x0000000705f01200, 0x0000000705f01200| Untracked 
|  30|0x0000000706000000, 0x0000000706000000, 0x0000000706100000|  0%| F|  |TAMS 0x0000000706000000, 0x0000000706000000| Untracked 
|  31|0x0000000706100000, 0x0000000706100000, 0x0000000706200000|  0%| F|  |TAMS 0x0000000706100000, 0x0000000706100000| Untracked 
|  32|0x0000000706200000, 0x0000000706200000, 0x0000000706300000|  0%| F|  |TAMS 0x0000000706200000, 0x0000000706200000| Untracked 
|  33|0x0000000706300000, 0x0000000706300000, 0x0000000706400000|  0%| F|  |TAMS 0x0000000706300000, 0x0000000706300000| Untracked 
|  34|0x0000000706400000, 0x0000000706400000, 0x0000000706500000|  0%| F|  |TAMS 0x0000000706400000, 0x0000000706400000| Untracked 
|  35|0x0000000706500000, 0x0000000706500000, 0x0000000706600000|  0%| F|  |TAMS 0x0000000706500000, 0x0000000706500000| Untracked 
|  36|0x0000000706600000, 0x0000000706601200, 0x0000000706700000|  0%| O|  |TAMS 0x0000000706601200, 0x0000000706601200| Untracked 
|  37|0x0000000706700000, 0x0000000706800000, 0x0000000706800000|100%|HS|  |TAMS 0x0000000706700000, 0x0000000706800000| Complete 
|  38|0x0000000706800000, 0x0000000706900000, 0x0000000706900000|100%|HC|  |TAMS 0x0000000706800000, 0x0000000706900000| Complete 
|  39|0x0000000706900000, 0x0000000706a00000, 0x0000000706a00000|100%|HC|  |TAMS 0x0000000706900000, 0x0000000706a00000| Complete 
|  40|0x0000000706a00000, 0x0000000706b00000, 0x0000000706b00000|100%|HC|  |TAMS 0x0000000706a00000, 0x0000000706b00000| Complete 
|  41|0x0000000706b00000, 0x0000000706c00000, 0x0000000706c00000|100%|HC|  |TAMS 0x0000000706b00000, 0x0000000706c00000| Complete 
|  42|0x0000000706c00000, 0x0000000706d00000, 0x0000000706d00000|100%|HC|  |TAMS 0x0000000706c00000, 0x0000000706d00000| Complete 
|  43|0x0000000706d00000, 0x0000000706e00000, 0x0000000706e00000|100%|HC|  |TAMS 0x0000000706d00000, 0x0000000706e00000| Complete 
|  44|0x0000000706e00000, 0x0000000706f00000, 0x0000000706f00000|100%|HC|  |TAMS 0x0000000706e00000, 0x0000000706f00000| Complete 
|  45|0x0000000706f00000, 0x0000000707000000, 0x0000000707000000|100%|HC|  |TAMS 0x0000000706f00000, 0x0000000707000000| Complete 
|  46|0x0000000707000000, 0x0000000707100000, 0x0000000707100000|100%|HC|  |TAMS 0x0000000707000000, 0x0000000707100000| Complete 
|  47|0x0000000707100000, 0x0000000707200000, 0x0000000707200000|100%|HC|  |TAMS 0x0000000707100000, 0x0000000707200000| Complete 
|  48|0x0000000707200000, 0x0000000707300000, 0x0000000707300000|100%|HC|  |TAMS 0x0000000707200000, 0x0000000707300000| Complete 
|  49|0x0000000707300000, 0x0000000707400000, 0x0000000707400000|100%|HC|  |TAMS 0x0000000707300000, 0x0000000707400000| Complete 
|  50|0x0000000707400000, 0x0000000707500000, 0x0000000707500000|100%|HC|  |TAMS 0x0000000707400000, 0x0000000707500000| Complete 
|  51|0x0000000707500000, 0x0000000707600000, 0x0000000707600000|100%|HC|  |TAMS 0x0000000707500000, 0x0000000707600000| Complete 
|  52|0x0000000707600000, 0x0000000707700000, 0x0000000707700000|100%|HC|  |TAMS 0x0000000707600000, 0x0000000707700000| Complete 
|  53|0x0000000707700000, 0x0000000707800000, 0x0000000707800000|100%|HC|  |TAMS 0x0000000707700000, 0x0000000707800000| Complete 
|  54|0x0000000707800000, 0x0000000707900000, 0x0000000707900000|100%|HC|  |TAMS 0x0000000707800000, 0x0000000707900000| Complete 
|  55|0x0000000707900000, 0x0000000707a00000, 0x0000000707a00000|100%|HC|  |TAMS 0x0000000707900000, 0x0000000707a00000| Complete 
|  56|0x0000000707a00000, 0x0000000707b00000, 0x0000000707b00000|100%|HC|  |TAMS 0x0000000707a00000, 0x0000000707b00000| Complete 
|  57|0x0000000707b00000, 0x0000000707c00000, 0x0000000707c00000|100%|HC|  |TAMS 0x0000000707b00000, 0x0000000707c00000| Complete 
|  58|0x0000000707c00000, 0x0000000707d00000, 0x0000000707d00000|100%|HC|  |TAMS 0x0000000707c00000, 0x0000000707d00000| Complete 
|  59|0x0000000707d00000, 0x0000000707e00000, 0x0000000707e00000|100%|HC|  |TAMS 0x0000000707d00000, 0x0000000707e00000| Complete 
|  60|0x0000000707e00000, 0x0000000707f00000, 0x0000000707f00000|100%|HC|  |TAMS 0x0000000707e00000, 0x0000000707f00000| Complete 
|  61|0x0000000707f00000, 0x0000000707f00000, 0x0000000708000000|  0%| F|  |TAMS 0x0000000707f00000, 0x0000000707f00000| Untracked 
|  62|0x0000000708000000, 0x0000000708000000, 0x0000000708100000|  0%| F|  |TAMS 0x0000000708000000, 0x0000000708000000| Untracked 
|  63|0x0000000708100000, 0x0000000708100000, 0x0000000708200000|  0%| F|  |TAMS 0x0000000708100000, 0x0000000708100000| Untracked 
|  64|0x0000000708200000, 0x0000000708200000, 0x0000000708300000|  0%| F|  |TAMS 0x0000000708200000, 0x0000000708200000| Untracked 
|  65|0x0000000708300000, 0x0000000708300000, 0x0000000708400000|  0%| F|  |TAMS 0x0000000708300000, 0x0000000708300000| Untracked 
|  66|0x0000000708400000, 0x0000000708400000, 0x0000000708500000|  0%| F|  |TAMS 0x0000000708400000, 0x0000000708400000| Untracked 
|  67|0x0000000708500000, 0x0000000708500000, 0x0000000708600000|  0%| F|  |TAMS 0x0000000708500000, 0x0000000708500000| Untracked 
|  68|0x0000000708600000, 0x0000000708600000, 0x0000000708700000|  0%| F|  |TAMS 0x0000000708600000, 0x0000000708600000| Untracked 
|  69|0x0000000708700000, 0x0000000708700000, 0x0000000708800000|  0%| F|  |TAMS 0x0000000708700000, 0x0000000708700000| Untracked 
|  70|0x0000000708800000, 0x0000000708800000, 0x0000000708900000|  0%| F|  |TAMS 0x0000000708800000, 0x0000000708800000| Untracked 
|  71|0x0000000708900000, 0x0000000708900000, 0x0000000708a00000|  0%| F|  |TAMS 0x0000000708900000, 0x0000000708900000| Untracked 
|  72|0x0000000708a00000, 0x0000000708a00000, 0x0000000708b00000|  0%| F|  |TAMS 0x0000000708a00000, 0x0000000708a00000| Untracked 
|  73|0x0000000708b00000, 0x0000000708b00000, 0x0000000708c00000|  0%| F|  |TAMS 0x0000000708b00000, 0x0000000708b00000| Untracked 
|  74|0x0000000708c00000, 0x0000000708c00000, 0x0000000708d00000|  0%| F|  |TAMS 0x0000000708c00000, 0x0000000708c00000| Untracked 
|  75|0x0000000708d00000, 0x0000000708d00000, 0x0000000708e00000|  0%| F|  |TAMS 0x0000000708d00000, 0x0000000708d00000| Untracked 
|  76|0x0000000708e00000, 0x0000000708e00000, 0x0000000708f00000|  0%| F|  |TAMS 0x0000000708e00000, 0x0000000708e00000| Untracked 
|  77|0x0000000708f00000, 0x0000000708f00000, 0x0000000709000000|  0%| F|  |TAMS 0x0000000708f00000, 0x0000000708f00000| Untracked 
|  78|0x0000000709000000, 0x0000000709000000, 0x0000000709100000|  0%| F|  |TAMS 0x0000000709000000, 0x0000000709000000| Untracked 
|  79|0x0000000709100000, 0x0000000709100000, 0x0000000709200000|  0%| F|  |TAMS 0x0000000709100000, 0x0000000709100000| Untracked 
|  80|0x0000000709200000, 0x0000000709200000, 0x0000000709300000|  0%| F|  |TAMS 0x0000000709200000, 0x0000000709200000| Untracked 
|  81|0x0000000709300000, 0x0000000709300000, 0x0000000709400000|  0%| F|  |TAMS 0x0000000709300000, 0x0000000709300000| Untracked 
|  82|0x0000000709400000, 0x0000000709400000, 0x0000000709500000|  0%| F|  |TAMS 0x0000000709400000, 0x0000000709400000| Untracked 
|  83|0x0000000709500000, 0x0000000709500000, 0x0000000709600000|  0%| F|  |TAMS 0x0000000709500000, 0x0000000709500000| Untracked 
|  84|0x0000000709600000, 0x0000000709600000, 0x0000000709700000|  0%| F|  |TAMS 0x0000000709600000, 0x0000000709600000| Untracked 
|  85|0x0000000709700000, 0x0000000709700000, 0x0000000709800000|  0%| F|  |TAMS 0x0000000709700000, 0x0000000709700000| Untracked 
|  86|0x0000000709800000, 0x0000000709800000, 0x0000000709900000|  0%| F|  |TAMS 0x0000000709800000, 0x0000000709800000| Untracked 
|  87|0x0000000709900000, 0x0000000709900000, 0x0000000709a00000|  0%| F|  |TAMS 0x0000000709900000, 0x0000000709900000| Untracked 
|  88|0x0000000709a00000, 0x0000000709a00000, 0x0000000709b00000|  0%| F|  |TAMS 0x0000000709a00000, 0x0000000709a00000| Untracked 
|  89|0x0000000709b00000, 0x0000000709b00000, 0x0000000709c00000|  0%| F|  |TAMS 0x0000000709b00000, 0x0000000709b00000| Untracked 
|  90|0x0000000709c00000, 0x0000000709c00000, 0x0000000709d00000|  0%| F|  |TAMS 0x0000000709c00000, 0x0000000709c00000| Untracked 
|  91|0x0000000709d00000, 0x0000000709d00000, 0x0000000709e00000|  0%| F|  |TAMS 0x0000000709d00000, 0x0000000709d00000| Untracked 
|  92|0x0000000709e00000, 0x0000000709e00000, 0x0000000709f00000|  0%| F|  |TAMS 0x0000000709e00000, 0x0000000709e00000| Untracked 
|  93|0x0000000709f00000, 0x0000000709f00000, 0x000000070a000000|  0%| F|  |TAMS 0x0000000709f00000, 0x0000000709f00000| Untracked 
|  94|0x000000070a000000, 0x000000070a000000, 0x000000070a100000|  0%| F|  |TAMS 0x000000070a000000, 0x000000070a000000| Untracked 
|  95|0x000000070a100000, 0x000000070a100000, 0x000000070a200000|  0%| F|  |TAMS 0x000000070a100000, 0x000000070a100000| Untracked 
|  96|0x000000070a200000, 0x000000070a200000, 0x000000070a300000|  0%| F|  |TAMS 0x000000070a200000, 0x000000070a200000| Untracked 
|  97|0x000000070a300000, 0x000000070a300000, 0x000000070a400000|  0%| F|  |TAMS 0x000000070a300000, 0x000000070a300000| Untracked 
|  98|0x000000070a400000, 0x000000070a400000, 0x000000070a500000|  0%| F|  |TAMS 0x000000070a400000, 0x000000070a400000| Untracked 
|  99|0x000000070a500000, 0x000000070a500000, 0x000000070a600000|  0%| F|  |TAMS 0x000000070a500000, 0x000000070a500000| Untracked 
| 100|0x000000070a600000, 0x000000070a600000, 0x000000070a700000|  0%| F|  |TAMS 0x000000070a600000, 0x000000070a600000| Untracked 
| 101|0x000000070a700000, 0x000000070a700000, 0x000000070a800000|  0%| F|  |TAMS 0x000000070a700000, 0x000000070a700000| Untracked 
| 102|0x000000070a800000, 0x000000070a800000, 0x000000070a900000|  0%| F|  |TAMS 0x000000070a800000, 0x000000070a800000| Untracked 
| 103|0x000000070a900000, 0x000000070a900000, 0x000000070aa00000|  0%| F|  |TAMS 0x000000070a900000, 0x000000070a900000| Untracked 
| 104|0x000000070aa00000, 0x000000070aa00000, 0x000000070ab00000|  0%| F|  |TAMS 0x000000070aa00000, 0x000000070aa00000| Untracked 
| 105|0x000000070ab00000, 0x000000070ab00000, 0x000000070ac00000|  0%| F|  |TAMS 0x000000070ab00000, 0x000000070ab00000| Untracked 
| 106|0x000000070ac00000, 0x000000070ac00000, 0x000000070ad00000|  0%| F|  |TAMS 0x000000070ac00000, 0x000000070ac00000| Untracked 
| 107|0x000000070ad00000, 0x000000070ad00000, 0x000000070ae00000|  0%| F|  |TAMS 0x000000070ad00000, 0x000000070ad00000| Untracked 
| 108|0x000000070ae00000, 0x000000070ae00000, 0x000000070af00000|  0%| F|  |TAMS 0x000000070ae00000, 0x000000070ae00000| Untracked 
| 109|0x000000070af00000, 0x000000070af00000, 0x000000070b000000|  0%| F|  |TAMS 0x000000070af00000, 0x000000070af00000| Untracked 
| 110|0x000000070b000000, 0x000000070b000000, 0x000000070b100000|  0%| F|  |TAMS 0x000000070b000000, 0x000000070b000000| Untracked 
| 111|0x000000070b100000, 0x000000070b100000, 0x000000070b200000|  0%| F|  |TAMS 0x000000070b100000, 0x000000070b100000| Untracked 
| 112|0x000000070b200000, 0x000000070b200000, 0x000000070b300000|  0%| F|  |TAMS 0x000000070b200000, 0x000000070b200000| Untracked 
| 113|0x000000070b300000, 0x000000070b300000, 0x000000070b400000|  0%| F|  |TAMS 0x000000070b300000, 0x000000070b300000| Untracked 
| 114|0x000000070b400000, 0x000000070b400000, 0x000000070b500000|  0%| F|  |TAMS 0x000000070b400000, 0x000000070b400000| Untracked 
| 115|0x000000070b500000, 0x000000070b500000, 0x000000070b600000|  0%| F|  |TAMS 0x000000070b500000, 0x000000070b500000| Untracked 
| 116|0x000000070b600000, 0x000000070b600000, 0x000000070b700000|  0%| F|  |TAMS 0x000000070b600000, 0x000000070b600000| Untracked 
| 117|0x000000070b700000, 0x000000070b700000, 0x000000070b800000|  0%| F|  |TAMS 0x000000070b700000, 0x000000070b700000| Untracked 
| 118|0x000000070b800000, 0x000000070b800000, 0x000000070b900000|  0%| F|  |TAMS 0x000000070b800000, 0x000000070b800000| Untracked 
| 119|0x000000070b900000, 0x000000070b900000, 0x000000070ba00000|  0%| F|  |TAMS 0x000000070b900000, 0x000000070b900000| Untracked 
| 120|0x000000070ba00000, 0x000000070ba00000, 0x000000070bb00000|  0%| F|  |TAMS 0x000000070ba00000, 0x000000070ba00000| Untracked 
| 121|0x000000070bb00000, 0x000000070bb00000, 0x000000070bc00000|  0%| F|  |TAMS 0x000000070bb00000, 0x000000070bb00000| Untracked 
| 122|0x000000070bc00000, 0x000000070bc00000, 0x000000070bd00000|  0%| F|  |TAMS 0x000000070bc00000, 0x000000070bc00000| Untracked 
| 123|0x000000070bd00000, 0x000000070bd00000, 0x000000070be00000|  0%| F|  |TAMS 0x000000070bd00000, 0x000000070bd00000| Untracked 
| 124|0x000000070be00000, 0x000000070be00000, 0x000000070bf00000|  0%| F|  |TAMS 0x000000070be00000, 0x000000070be00000| Untracked 
| 125|0x000000070bf00000, 0x000000070bf00000, 0x000000070c000000|  0%| F|  |TAMS 0x000000070bf00000, 0x000000070bf00000| Untracked 
| 126|0x000000070c000000, 0x000000070c000000, 0x000000070c100000|  0%| F|  |TAMS 0x000000070c000000, 0x000000070c000000| Untracked 
| 127|0x000000070c100000, 0x000000070c100000, 0x000000070c200000|  0%| F|  |TAMS 0x000000070c100000, 0x000000070c100000| Untracked 
| 128|0x000000070c200000, 0x000000070c200000, 0x000000070c300000|  0%| F|  |TAMS 0x000000070c200000, 0x000000070c200000| Untracked 
| 129|0x000000070c300000, 0x000000070c300000, 0x000000070c400000|  0%| F|  |TAMS 0x000000070c300000, 0x000000070c300000| Untracked 
| 130|0x000000070c400000, 0x000000070c400000, 0x000000070c500000|  0%| F|  |TAMS 0x000000070c400000, 0x000000070c400000| Untracked 
| 131|0x000000070c500000, 0x000000070c500000, 0x000000070c600000|  0%| F|  |TAMS 0x000000070c500000, 0x000000070c500000| Untracked 
| 132|0x000000070c600000, 0x000000070c600000, 0x000000070c700000|  0%| F|  |TAMS 0x000000070c600000, 0x000000070c600000| Untracked 
| 133|0x000000070c700000, 0x000000070c700000, 0x000000070c800000|  0%| F|  |TAMS 0x000000070c700000, 0x000000070c700000| Untracked 
| 134|0x000000070c800000, 0x000000070c800000, 0x000000070c900000|  0%| F|  |TAMS 0x000000070c800000, 0x000000070c800000| Untracked 
| 135|0x000000070c900000, 0x000000070c900000, 0x000000070ca00000|  0%| F|  |TAMS 0x000000070c900000, 0x000000070c900000| Untracked 
| 136|0x000000070ca00000, 0x000000070ca00000, 0x000000070cb00000|  0%| F|  |TAMS 0x000000070ca00000, 0x000000070ca00000| Untracked 
| 137|0x000000070cb00000, 0x000000070cb00000, 0x000000070cc00000|  0%| F|  |TAMS 0x000000070cb00000, 0x000000070cb00000| Untracked 
| 138|0x000000070cc00000, 0x000000070cc00000, 0x000000070cd00000|  0%| F|  |TAMS 0x000000070cc00000, 0x000000070cc00000| Untracked 
| 139|0x000000070cd00000, 0x000000070cd00000, 0x000000070ce00000|  0%| F|  |TAMS 0x000000070cd00000, 0x000000070cd00000| Untracked 
| 140|0x000000070ce00000, 0x000000070ce00000, 0x000000070cf00000|  0%| F|  |TAMS 0x000000070ce00000, 0x000000070ce00000| Untracked 
| 141|0x000000070cf00000, 0x000000070cf00000, 0x000000070d000000|  0%| F|  |TAMS 0x000000070cf00000, 0x000000070cf00000| Untracked 
| 142|0x000000070d000000, 0x000000070d000000, 0x000000070d100000|  0%| F|  |TAMS 0x000000070d000000, 0x000000070d000000| Untracked 
| 143|0x000000070d100000, 0x000000070d100000, 0x000000070d200000|  0%| F|  |TAMS 0x000000070d100000, 0x000000070d100000| Untracked 
| 144|0x000000070d200000, 0x000000070d200000, 0x000000070d300000|  0%| F|  |TAMS 0x000000070d200000, 0x000000070d200000| Untracked 
| 145|0x000000070d300000, 0x000000070d300000, 0x000000070d400000|  0%| F|  |TAMS 0x000000070d300000, 0x000000070d300000| Untracked 
| 146|0x000000070d400000, 0x000000070d400000, 0x000000070d500000|  0%| F|  |TAMS 0x000000070d400000, 0x000000070d400000| Untracked 
| 147|0x000000070d500000, 0x000000070d500000, 0x000000070d600000|  0%| F|  |TAMS 0x000000070d500000, 0x000000070d500000| Untracked 
| 148|0x000000070d600000, 0x000000070d600000, 0x000000070d700000|  0%| F|  |TAMS 0x000000070d600000, 0x000000070d600000| Untracked 
| 149|0x000000070d700000, 0x000000070d700000, 0x000000070d800000|  0%| F|  |TAMS 0x000000070d700000, 0x000000070d700000| Untracked 
| 150|0x000000070d800000, 0x000000070d800000, 0x000000070d900000|  0%| F|  |TAMS 0x000000070d800000, 0x000000070d800000| Untracked 
| 151|0x000000070d900000, 0x000000070d900000, 0x000000070da00000|  0%| F|  |TAMS 0x000000070d900000, 0x000000070d900000| Untracked 
| 152|0x000000070da00000, 0x000000070da00000, 0x000000070db00000|  0%| F|  |TAMS 0x000000070da00000, 0x000000070da00000| Untracked 
| 153|0x000000070db00000, 0x000000070db00000, 0x000000070dc00000|  0%| F|  |TAMS 0x000000070db00000, 0x000000070db00000| Untracked 
| 154|0x000000070dc00000, 0x000000070dc00000, 0x000000070dd00000|  0%| F|  |TAMS 0x000000070dc00000, 0x000000070dc00000| Untracked 
| 155|0x000000070dd00000, 0x000000070dd00000, 0x000000070de00000|  0%| F|  |TAMS 0x000000070dd00000, 0x000000070dd00000| Untracked 
| 156|0x000000070de00000, 0x000000070de00000, 0x000000070df00000|  0%| F|  |TAMS 0x000000070de00000, 0x000000070de00000| Untracked 
| 157|0x000000070df00000, 0x000000070df00000, 0x000000070e000000|  0%| F|  |TAMS 0x000000070df00000, 0x000000070df00000| Untracked 
| 158|0x000000070e000000, 0x000000070e000000, 0x000000070e100000|  0%| F|  |TAMS 0x000000070e000000, 0x000000070e000000| Untracked 
| 159|0x000000070e100000, 0x000000070e100000, 0x000000070e200000|  0%| F|  |TAMS 0x000000070e100000, 0x000000070e100000| Untracked 
| 160|0x000000070e200000, 0x000000070e200000, 0x000000070e300000|  0%| F|  |TAMS 0x000000070e200000, 0x000000070e200000| Untracked 
| 161|0x000000070e300000, 0x000000070e300000, 0x000000070e400000|  0%| F|  |TAMS 0x000000070e300000, 0x000000070e300000| Untracked 
| 162|0x000000070e400000, 0x000000070e400000, 0x000000070e500000|  0%| F|  |TAMS 0x000000070e400000, 0x000000070e400000| Untracked 
| 163|0x000000070e500000, 0x000000070e500000, 0x000000070e600000|  0%| F|  |TAMS 0x000000070e500000, 0x000000070e500000| Untracked 
| 164|0x000000070e600000, 0x000000070e600000, 0x000000070e700000|  0%| F|  |TAMS 0x000000070e600000, 0x000000070e600000| Untracked 
| 165|0x000000070e700000, 0x000000070e700000, 0x000000070e800000|  0%| F|  |TAMS 0x000000070e700000, 0x000000070e700000| Untracked 
| 166|0x000000070e800000, 0x000000070e800000, 0x000000070e900000|  0%| F|  |TAMS 0x000000070e800000, 0x000000070e800000| Untracked 
| 167|0x000000070e900000, 0x000000070e900000, 0x000000070ea00000|  0%| F|  |TAMS 0x000000070e900000, 0x000000070e900000| Untracked 
| 168|0x000000070ea00000, 0x000000070ea00000, 0x000000070eb00000|  0%| F|  |TAMS 0x000000070ea00000, 0x000000070ea00000| Untracked 
| 169|0x000000070eb00000, 0x000000070eb00000, 0x000000070ec00000|  0%| F|  |TAMS 0x000000070eb00000, 0x000000070eb00000| Untracked 
| 170|0x000000070ec00000, 0x000000070ec00000, 0x000000070ed00000|  0%| F|  |TAMS 0x000000070ec00000, 0x000000070ec00000| Untracked 
| 171|0x000000070ed00000, 0x000000070ed00810, 0x000000070ee00000|  0%| S|CS|TAMS 0x000000070ed00000, 0x000000070ed00000| Complete 
| 172|0x000000070ee00000, 0x000000070ee00000, 0x000000070ef00000|  0%| F|  |TAMS 0x000000070ee00000, 0x000000070ee00000| Untracked 
| 173|0x000000070ef00000, 0x000000070ef00000, 0x000000070f000000|  0%| F|  |TAMS 0x000000070ef00000, 0x000000070ef00000| Untracked 

Card table byte_map: [0x0000020f9c8e0000,0x0000020f9d0c0000] _byte_map_base: 0x0000020f990bf000

Marking Bits (Prev, Next): (CMBitMap*) 0x0000020f84604a88, (CMBitMap*) 0x0000020f84604a48
 Prev Bits: [0x0000020fa17a0000, 0x0000020fa5698000)
 Next Bits: [0x0000020f9d8a0000, 0x0000020fa1798000)

Polling page: 0x0000020f82420000

Metaspace:

Usage:
  Non-class:      4.01 MB capacity,   233.63 KB (  6%) used,     3.78 MB ( 94%) free+waste,   256 bytes ( <1%) overhead. 
      Class:    386.00 KB capacity,     9.00 KB (  2%) used,   376.88 KB ( 98%) free+waste,   128 bytes ( <1%) overhead. 
       Both:      4.39 MB capacity,   242.63 KB (  5%) used,     4.15 MB ( 95%) free+waste,   384 bytes ( <1%) overhead. 

Virtual space:
  Non-class space:        8.00 MB reserved,       4.25 MB ( 53%) committed 
      Class space:        1.00 GB reserved,     512.00 KB ( <1%) committed 
             Both:        1.01 GB reserved,       4.75 MB ( <1%) committed 

Chunk freelists:
   Non-Class:  0 bytes
       Class:  0 bytes
        Both:  0 bytes

MaxMetaspaceSize: 17179869184.00 GB
CompressedClassSpaceSize: 1.00 GB

CodeHeap 'non-profiled nmethods': size=120000Kb used=49Kb max_used=50Kb free=119951Kb
 bounds [0x0000020f94570000, 0x0000020f947e0000, 0x0000020f9baa0000]
CodeHeap 'profiled nmethods': size=120000Kb used=114Kb max_used=152Kb free=119885Kb
 bounds [0x0000020f8d040000, 0x0000020f8d2b0000, 0x0000020f94570000]
CodeHeap 'non-nmethods': size=5760Kb used=1049Kb max_used=1066Kb free=4710Kb
 bounds [0x0000020f8caa0000, 0x0000020f8cd10000, 0x0000020f8d040000]
 total_blobs=708 nmethods=93 adapters=173
 compilation: enabled
              stopped_count=0, restarted_count=0
 full_count=0

Compilation events (20 events):
Event: 0.094 Thread 0x0000020fa8cdd800   98       4       java.lang.StringBuilder::append (6 bytes)
Event: 0.097 Thread 0x0000020fa8cdd800 nmethod 98 0x0000020f94579710 code [0x0000020f945798c0, 0x0000020f94579c38]
Event: 0.669 Thread 0x0000020fa8ce6800   99 %     3       Board::display @ 76 (207 bytes)
Event: 0.671 Thread 0x0000020fa8ce6800 nmethod 99% 0x0000020f8d05e690 code [0x0000020f8d05eb20, 0x0000020f8d060910]
Event: 0.681 Thread 0x0000020fa8ce6800  100       3       Board::display (207 bytes)
Event: 0.682 Thread 0x0000020fa8ce6800 nmethod 100 0x0000020f8d061510 code [0x0000020f8d0619a0, 0x0000020f8d0635f0]
Event: 1.498 Thread 0x0000020fa8cdd800  101 %     4       Board::display @ 76 (207 bytes)
Event: 1.516 Thread 0x0000020fa8cdd800 nmethod 101% 0x0000020f94579f10 code [0x0000020f9457a120, 0x0000020f9457aed0]
Event: 7414.050 Thread 0x0000020fa8ce6800  103       3       java.lang.ref.ReferenceQueue::reallyPoll (65 bytes)
Event: 7414.052 Thread 0x0000020fa8ce6800 nmethod 103 0x0000020f8d064110 code [0x0000020f8d0642e0, 0x0000020f8d064898]
Event: 56231.989 Thread 0x0000020fa8ce6800  106   !   3       java.lang.ref.ReferenceQueue::remove (125 bytes)
Event: 56231.991 Thread 0x0000020fa8ce6800 nmethod 106 0x0000020f8d064990 code [0x0000020f8d064bc0, 0x0000020f8d0654c0]
Event: 56291.989 Thread 0x0000020fa8ce6800  107   !   3       jdk.internal.ref.PhantomCleanable::isListEmpty (34 bytes)
Event: 56291.991 Thread 0x0000020fa8ce6800 nmethod 107 0x0000020f8d065810 code [0x0000020f8d0659c0, 0x0000020f8d065d78]
Event: 56291.991 Thread 0x0000020fa8ce6800  108       3       jdk.internal.misc.InnocuousThread::eraseThreadLocals (23 bytes)
Event: 56291.995 Thread 0x0000020fa8ce6800 nmethod 108 0x0000020f8d065e90 code [0x0000020f8d066040, 0x0000020f8d0662b8]
Event: 189242.027 Thread 0x0000020fa8cdd800  109       4       jdk.internal.misc.InnocuousThread::eraseThreadLocals (23 bytes)
Event: 189242.038 Thread 0x0000020fa8cdd800 nmethod 109 0x0000020f9457c390 code [0x0000020f9457c520, 0x0000020f9457c638]
Event: 345255.093 Thread 0x0000020fa8cdd800  110       4       java.lang.ref.ReferenceQueue::reallyPoll (65 bytes)
Event: 345255.097 Thread 0x0000020fa8cdd800 nmethod 110 0x0000020f9457c690 code [0x0000020f9457c820, 0x0000020f9457c8b8]

GC Heap History (20 events):
Event: 454249.807 GC heap after
{Heap after GC invocations=33334822 (full 0):
 garbage-first heap   total 178176K, used 25147K [0x0000000704200000, 0x0000000800000000)
  region size 1024K, 1 young (1024K), 1 survivors (1024K)
 Metaspace       used 242K, capacity 4494K, committed 4864K, reserved 1056768K
  class space    used 9K, capacity 386K, committed 512K, reserved 1048576K
}
Event: 454249.836 GC heap before
{Heap before GC invocations=33334823 (full 0):
 garbage-first heap   total 178176K, used 98875K [0x0000000704200000, 0x0000000800000000)
  region size 1024K, 2 young (2048K), 1 survivors (1024K)
 Metaspace       used 242K, capacity 4494K, committed 4864K, reserved 1056768K
  class space    used 9K, capacity 386K, committed 512K, reserved 1048576K
}
Event: 454249.838 GC heap after
{Heap after GC invocations=33334824 (full 0):
 garbage-first heap   total 178176K, used 25147K [0x0000000704200000, 0x0000000800000000)
  region size 1024K, 1 young (1024K), 1 survivors (1024K)
 Metaspace       used 242K, capacity 4494K, committed 4864K, reserved 1056768K
  class space    used 9K, capacity 386K, committed 512K, reserved 1048576K
}
Event: 454249.860 GC heap before
{Heap before GC invocations=33334825 (full 0):
 garbage-first heap   total 178176K, used 74299K [0x0000000704200000, 0x0000000800000000)
  region size 1024K, 2 young (2048K), 1 survivors (1024K)
 Metaspace       used 242K, capacity 4494K, committed 4864K, reserved 1056768K
  class space    used 9K, capacity 386K, committed 512K, reserved 1048576K
}
Event: 454249.866 GC heap after
{Heap after GC invocations=33334826 (full 0):
 garbage-first heap   total 356352K, used 25147K [0x0000000704200000, 0x0000000800000000)
  region size 1024K, 1 young (1024K), 1 survivors (1024K)
 Metaspace       used 242K, capacity 4494K, committed 4864K, reserved 1056768K
  class space    used 9K, capacity 386K, committed 512K, reserved 1048576K
}
Event: 454249.890 GC heap before
{Heap before GC invocations=33334827 (full 0):
 garbage-first heap   total 178176K, used 74299K [0x0000000704200000, 0x0000000800000000)
  region size 1024K, 2 young (2048K), 1 survivors (1024K)
 Metaspace       used 242K, capacity 4494K, committed 4864K, reserved 1056768K
  class space    used 9K, capacity 386K, committed 512K, reserved 1048576K
}
Event: 454249.892 GC heap after
{Heap after GC invocations=33334828 (full 0):
 garbage-first heap   total 178176K, used 25147K [0x0000000704200000, 0x0000000800000000)
  region size 1024K, 1 young (1024K), 1 survivors (1024K)
 Metaspace       used 242K, capacity 4494K, committed 4864K, reserved 1056768K
  class space    used 9K, capacity 386K, committed 512K, reserved 1048576K
}
Event: 454249.913 GC heap before
{Heap before GC invocations=33334829 (full 0):
 garbage-first heap   total 178176K, used 74299K [0x0000000704200000, 0x0000000800000000)
  region size 1024K, 2 young (2048K), 1 survivors (1024K)
 Metaspace       used 242K, capacity 4494K, committed 4864K, reserved 1056768K
  class space    used 9K, capacity 386K, committed 512K, reserved 1048576K
}
Event: 454249.914 GC heap after
{Heap after GC invocations=33334830 (full 0):
 garbage-first heap   total 178176K, used 25147K [0x0000000704200000, 0x0000000800000000)
  region size 1024K, 1 young (1024K), 1 survivors (1024K)
 Metaspace       used 242K, capacity 4494K, committed 4864K, reserved 1056768K
  class space    used 9K, capacity 386K, committed 512K, reserved 1048576K
}
Event: 454249.933 GC heap before
{Heap before GC invocations=33334831 (full 0):
 garbage-first heap   total 178176K, used 74299K [0x0000000704200000, 0x0000000800000000)
  region size 1024K, 2 young (2048K), 1 survivors (1024K)
 Metaspace       used 242K, capacity 4494K, committed 4864K, reserved 1056768K
  class space    used 9K, capacity 386K, committed 512K, reserved 1048576K
}
Event: 454249.935 GC heap after
{Heap after GC invocations=33334832 (full 0):
 garbage-first heap   total 178176K, used 25147K [0x0000000704200000, 0x0000000800000000)
  region size 1024K, 1 young (1024K), 1 survivors (1024K)
 Metaspace       used 242K, capacity 4494K, committed 4864K, reserved 1056768K
  class space    used 9K, capacity 386K, committed 512K, reserved 1048576K
}
Event: 454249.953 GC heap before
{Heap before GC invocations=33334833 (full 0):
 garbage-first heap   total 178176K, used 74299K [0x0000000704200000, 0x0000000800000000)
  region size 1024K, 2 young (2048K), 1 survivors (1024K)
 Metaspace       used 242K, capacity 4494K, committed 4864K, reserved 1056768K
  class space    used 9K, capacity 386K, committed 512K, reserved 1048576K
}
Event: 454249.990 GC heap after
{Heap after GC invocations=33334834 (full 0):
 garbage-first heap   total 356352K, used 25147K [0x0000000704200000, 0x0000000800000000)
  region size 1024K, 1 young (1024K), 1 survivors (1024K)
 Metaspace       used 242K, capacity 4494K, committed 4864K, reserved 1056768K
  class space    used 9K, capacity 386K, committed 512K, reserved 1048576K
}
Event: 454250.001 GC heap before
{Heap before GC invocations=33334835 (full 0):
 garbage-first heap   total 178176K, used 74299K [0x0000000704200000, 0x0000000800000000)
  region size 1024K, 2 young (2048K), 1 survivors (1024K)
 Metaspace       used 242K, capacity 4494K, committed 4864K, reserved 1056768K
  class space    used 9K, capacity 386K, committed 512K, reserved 1048576K
}
Event: 454250.001 GC heap after
{Heap after GC invocations=33334836 (full 0):
 garbage-first heap   total 178176K, used 25147K [0x0000000704200000, 0x0000000800000000)
  region size 1024K, 1 young (1024K), 1 survivors (1024K)
 Metaspace       used 242K, capacity 4494K, committed 4864K, reserved 1056768K
  class space    used 9K, capacity 386K, committed 512K, reserved 1048576K
}
Event: 454250.013 GC heap before
{Heap before GC invocations=33334837 (full 0):
 garbage-first heap   total 178176K, used 74299K [0x0000000704200000, 0x0000000800000000)
  region size 1024K, 2 young (2048K), 1 survivors (1024K)
 Metaspace       used 242K, capacity 4494K, committed 4864K, reserved 1056768K
  class space    used 9K, capacity 386K, committed 512K, reserved 1048576K
}
Event: 454250.014 GC heap after
{Heap after GC invocations=33334838 (full 0):
 garbage-first heap   total 178176K, used 25147K [0x0000000704200000, 0x0000000800000000)
  region size 1024K, 1 young (1024K), 1 survivors (1024K)
 Metaspace       used 242K, capacity 4494K, committed 4864K, reserved 1056768K
  class space    used 9K, capacity 386K, committed 512K, reserved 1048576K
}
Event: 454250.025 GC heap before
{Heap before GC invocations=33334839 (full 0):
 garbage-first heap   total 178176K, used 74299K [0x0000000704200000, 0x0000000800000000)
  region size 1024K, 2 young (2048K), 1 survivors (1024K)
 Metaspace       used 242K, capacity 4494K, committed 4864K, reserved 1056768K
  class space    used 9K, capacity 386K, committed 512K, reserved 1048576K
}
Event: 454250.025 GC heap after
{Heap after GC invocations=33334840 (full 0):
 garbage-first heap   total 178176K, used 25147K [0x0000000704200000, 0x0000000800000000)
  region size 1024K, 1 young (1024K), 1 survivors (1024K)
 Metaspace       used 242K, capacity 4494K, committed 4864K, reserved 1056768K
  class space    used 9K, capacity 386K, committed 512K, reserved 1048576K
}
Event: 454250.037 GC heap before
{Heap before GC invocations=33334841 (full 0):
 garbage-first heap   total 178176K, used 74299K [0x0000000704200000, 0x0000000800000000)
  region size 1024K, 2 young (2048K), 1 survivors (1024K)
 Metaspace       used 242K, capacity 4494K, committed 4864K, reserved 1056768K
  class space    used 9K, capacity 386K, committed 512K, reserved 1048576K
}

Deoptimization events (14 events):
Event: 0.054 Thread 0x0000020f8459b800 Uncommon trap: trap_request=0xffffff45 fr.pc=0x0000020f94574aa8 relative=0x0000000000000208
Event: 0.054 Thread 0x0000020f8459b800 Uncommon trap: reason=unstable_if action=reinterpret pc=0x0000020f94574aa8 method=java.lang.String.hashCode()I @ 13 c2
Event: 0.054 Thread 0x0000020f8459b800 DEOPT PACKING pc=0x0000020f94574aa8 sp=0x0000009f44afe070
Event: 0.054 Thread 0x0000020f8459b800 DEOPT UNPACKING pc=0x0000020f8cae912f sp=0x0000009f44afe000 mode 2
Event: 0.886 Thread 0x0000020f8459b800 DEOPT PACKING pc=0x0000020f8d060318 sp=0x0000009f44aff210
Event: 0.886 Thread 0x0000020f8459b800 DEOPT UNPACKING pc=0x0000020f8cae964e sp=0x0000009f44afe798 mode 0
Event: 1.058 Thread 0x0000020f8459b800 DEOPT PACKING pc=0x0000020f8d060318 sp=0x0000009f44aff210
Event: 1.058 Thread 0x0000020f8459b800 DEOPT UNPACKING pc=0x0000020f8cae964e sp=0x0000009f44afe798 mode 0
Event: 1.213 Thread 0x0000020f8459b800 DEOPT PACKING pc=0x0000020f8d060318 sp=0x0000009f44aff210
Event: 1.213 Thread 0x0000020f8459b800 DEOPT UNPACKING pc=0x0000020f8cae964e sp=0x0000009f44afe798 mode 0
Event: 1.350 Thread 0x0000020f8459b800 DEOPT PACKING pc=0x0000020f8d060318 sp=0x0000009f44aff210
Event: 1.350 Thread 0x0000020f8459b800 DEOPT UNPACKING pc=0x0000020f8cae964e sp=0x0000009f44afe798 mode 0
Event: 1.498 Thread 0x0000020f8459b800 DEOPT PACKING pc=0x0000020f8d060318 sp=0x0000009f44aff210
Event: 1.498 Thread 0x0000020f8459b800 DEOPT UNPACKING pc=0x0000020f8cae964e sp=0x0000009f44afe798 mode 0

Classes unloaded (0 events):
No events

Classes redefined (0 events):
No events

Internal exceptions (0 events):
No events

Events (20 events):
Event: 454249.997 Executing VM operation: G1Concurrent done
Event: 454250.001 Executing VM operation: G1CollectForAllocation
Event: 454250.001 Executing VM operation: G1CollectForAllocation done
Event: 454250.003 Executing VM operation: G1Concurrent
Event: 454250.006 Executing VM operation: G1Concurrent done
Event: 454250.007 Executing VM operation: G1Concurrent
Event: 454250.008 Executing VM operation: G1Concurrent done
Event: 454250.013 Executing VM operation: G1CollectForAllocation
Event: 454250.014 Executing VM operation: G1CollectForAllocation done
Event: 454250.015 Executing VM operation: G1Concurrent
Event: 454250.018 Executing VM operation: G1Concurrent done
Event: 454250.019 Executing VM operation: G1Concurrent
Event: 454250.020 Executing VM operation: G1Concurrent done
Event: 454250.024 Executing VM operation: G1CollectForAllocation
Event: 454250.025 Executing VM operation: G1CollectForAllocation done
Event: 454250.027 Executing VM operation: G1Concurrent
Event: 454250.031 Executing VM operation: G1Concurrent done
Event: 454250.032 Executing VM operation: G1Concurrent
Event: 454250.033 Executing VM operation: G1Concurrent done
Event: 454250.037 Executing VM operation: G1CollectForAllocation


Dynamic libraries:
0x00007ff777e00000 - 0x00007ff777e0f000 	C:\Program Files\Java\jdk-13.0.2\bin\javaw.exe
0x00007ff8e19a0000 - 0x00007ff8e1b8d000 	C:\Windows\SYSTEM32\ntdll.dll
0x00007ff8e1550000 - 0x00007ff8e1603000 	C:\Windows\System32\KERNEL32.DLL
0x00007ff8de760000 - 0x00007ff8de9f5000 	C:\Windows\System32\KERNELBASE.dll
0x00007ff8dda60000 - 0x00007ff8ddb5a000 	C:\Windows\System32\ucrtbase.dll
0x00007ff8d1660000 - 0x00007ff8d1678000 	C:\Program Files\Java\jdk-13.0.2\bin\jli.dll
0x00007ff8c9730000 - 0x00007ff8c9745000 	C:\Program Files\Java\jdk-13.0.2\bin\VCRUNTIME140.dll
0x00007ff8def70000 - 0x00007ff8df013000 	C:\Windows\System32\ADVAPI32.dll
0x00007ff8dec70000 - 0x00007ff8ded0e000 	C:\Windows\System32\msvcrt.dll
0x00007ff8deec0000 - 0x00007ff8def5e000 	C:\Windows\System32\sechost.dll
0x00007ff8e16d0000 - 0x00007ff8e17f2000 	C:\Windows\System32\RPCRT4.dll
0x00007ff8e13b0000 - 0x00007ff8e1547000 	C:\Windows\System32\USER32.dll
0x00007ff8b1fd0000 - 0x00007ff8b2249000 	C:\Windows\WinSxS\amd64_microsoft.windows.common-controls_6595b64144ccf1df_6.0.17763.1217_none_de6e4304534e0ad3\COMCTL32.dll
0x00007ff8deba0000 - 0x00007ff8debc0000 	C:\Windows\System32\win32u.dll
0x00007ff8df050000 - 0x00007ff8df37c000 	C:\Windows\System32\combase.dll
0x00007ff8df4a0000 - 0x00007ff8df4c9000 	C:\Windows\System32\GDI32.dll
0x00007ff8dea00000 - 0x00007ff8deb99000 	C:\Windows\System32\gdi32full.dll
0x00007ff8de6e0000 - 0x00007ff8de75e000 	C:\Windows\System32\bcryptPrimitives.dll
0x00007ff8ddec0000 - 0x00007ff8ddf60000 	C:\Windows\System32\msvcp_win.dll
0x00007ff8d3fe0000 - 0x00007ff8d3fea000 	C:\Windows\SYSTEM32\VERSION.dll
0x00007ff8df020000 - 0x00007ff8df04e000 	C:\Windows\System32\IMM32.DLL
0x00007ff8c4b10000 - 0x00007ff8c4bab000 	C:\Program Files\Java\jdk-13.0.2\bin\msvcp140.dll
0x00007ff8b97c0000 - 0x00007ff8ba31d000 	C:\Program Files\Java\jdk-13.0.2\bin\server\jvm.dll
0x00007ff8e1800000 - 0x00007ff8e1808000 	C:\Windows\System32\PSAPI.DLL
0x00007ff8d5ef0000 - 0x00007ff8d5ef9000 	C:\Windows\SYSTEM32\WSOCK32.dll
0x00007ff8d5450000 - 0x00007ff8d5474000 	C:\Windows\SYSTEM32\WINMM.dll
0x00007ff8df380000 - 0x00007ff8df3ed000 	C:\Windows\System32\WS2_32.dll
0x00007ff8d5420000 - 0x00007ff8d544d000 	C:\Windows\SYSTEM32\winmmbase.dll
0x00007ff8dde10000 - 0x00007ff8dde5a000 	C:\Windows\System32\cfgmgr32.dll
0x00007ff8dda40000 - 0x00007ff8dda51000 	C:\Windows\System32\kernel.appcore.dll
0x00007ff8d1730000 - 0x00007ff8d1740000 	C:\Program Files\Java\jdk-13.0.2\bin\verify.dll
0x00007ff8dc350000 - 0x00007ff8dc53d000 	C:\Windows\SYSTEM32\DBGHELP.DLL
0x00007ff8d2960000 - 0x00007ff8d298a000 	C:\Windows\SYSTEM32\dbgcore.DLL
0x00007ff8ca4d0000 - 0x00007ff8ca4f6000 	C:\Program Files\Java\jdk-13.0.2\bin\java.dll
0x00007ff8d1640000 - 0x00007ff8d1657000 	C:\Program Files\Java\jdk-13.0.2\bin\zip.dll
0x00007ff8cfcf0000 - 0x00007ff8cfcfa000 	C:\Program Files\Java\jdk-13.0.2\bin\jimage.dll
0x00007ff8dfcf0000 - 0x00007ff8e11e4000 	C:\Windows\System32\SHELL32.dll
0x00007ff8debc0000 - 0x00007ff8dec68000 	C:\Windows\System32\shcore.dll
0x00007ff8ddf60000 - 0x00007ff8de6ae000 	C:\Windows\System32\windows.storage.dll
0x00007ff8dd9f0000 - 0x00007ff8dda14000 	C:\Windows\System32\profapi.dll
0x00007ff8dd990000 - 0x00007ff8dd9ed000 	C:\Windows\System32\powrprof.dll
0x00007ff8e11f0000 - 0x00007ff8e1242000 	C:\Windows\System32\shlwapi.dll
0x00007ff8ddc10000 - 0x00007ff8ddc27000 	C:\Windows\System32\cryptsp.dll

dbghelp: loaded successfully - version: 4.0.5 - missing functions: none
symbol engine: initialized successfully - sym options: 0x614 - pdb path: .;C:\Program Files\Java\jdk-13.0.2\bin;C:\Windows\SYSTEM32;C:\Windows\WinSxS\amd64_microsoft.windows.common-controls_6595b64144ccf1df_6.0.17763.1217_none_de6e4304534e0ad3;C:\Program Files\Java\jdk-13.0.2\bin\server

VM Arguments:
jvm_args: -Dfile.encoding=Cp1250 
java_command: Main
java_class_path (initial): C:\Users\sophi\eclipse-workspace\SweepPuzzle\bin
Launcher Type: SUN_STANDARD

[Global flags]
     intx CICompilerCount                          = 4                                         {product} {ergonomic}
     uint ConcGCThreads                            = 3                                         {product} {ergonomic}
     uint G1ConcRefinementThreads                  = 10                                        {product} {ergonomic}
   size_t G1HeapRegionSize                         = 1048576                                   {product} {ergonomic}
    uintx GCDrainStackTargetSize                   = 64                                        {product} {ergonomic}
   size_t InitialHeapSize                          = 264241152                                 {product} {ergonomic}
   size_t MarkStackSize                            = 4194304                                   {product} {ergonomic}
   size_t MaxHeapSize                              = 4225761280                                {product} {ergonomic}
   size_t MaxNewSize                               = 2535456768                                {product} {ergonomic}
   size_t MinHeapDeltaBytes                        = 1048576                                   {product} {ergonomic}
   size_t MinHeapSize                              = 8388608                                   {product} {ergonomic}
    uintx NonNMethodCodeHeapSize                   = 5839372                                {pd product} {ergonomic}
    uintx NonProfiledCodeHeapSize                  = 122909434                              {pd product} {ergonomic}
    uintx ProfiledCodeHeapSize                     = 122909434                              {pd product} {ergonomic}
    uintx ReservedCodeCacheSize                    = 251658240                              {pd product} {ergonomic}
     bool SegmentedCodeCache                       = true                                      {product} {ergonomic}
   size_t SoftMaxHeapSize                          = 4225761280                             {manageable} {ergonomic}
     bool UseCompressedClassPointers               = true                                 {lp64_product} {ergonomic}
     bool UseCompressedOops                        = true                                 {lp64_product} {ergonomic}
     bool UseG1GC                                  = true                                      {product} {ergonomic}
     bool UseLargePagesIndividualAllocation        = false                                  {pd product} {ergonomic}

Logging:
Log output configuration:
 #0: stdout all=warning uptime,level,tags
 #1: stderr all=off uptime,level,tags

Environment Variables:
PATH=C:/Program Files/Java/jdk-13.0.2/bin/server;C:/Program Files/Java/jdk-13.0.2/bin;C:\Windows\system32;C:\Windows;C:\Windows\System32\Wbem;C:\Windows\System32\WindowsPowerShell\v1.0\;C:\Windows\System32\OpenSSH\;C:\Program Files\NVIDIA Corporation\NVIDIA NvDLISR;C:\Program Files (x86)\NVIDIA Corporation\PhysX\Common;C:\Program Files\Git\cmd;C:\Users\sophi\AppData\Local\Microsoft\WindowsApps;;C:\Windows\system32;
USERNAME=sophi
OS=Windows_NT
PROCESSOR_IDENTIFIER=Intel64 Family 6 Model 158 Stepping 10, GenuineIntel



---------------  S Y S T E M  ---------------

OS: Windows 10 , 64 bit Build 17763 (10.0.17763.1158)

CPU:total 12 (initial active 12) (6 cores per cpu, 2 threads per core) family 6 model 158 stepping 10, cmov, cx8, fxsr, mmx, sse, sse2, sse3, ssse3, sse4.1, sse4.2, popcnt, avx, avx2, aes, clmul, erms, 3dnowpref, lzcnt, ht, tsc, tscinvbit, bmi1, bmi2, adx, fma

Memory: 4k page, system-wide physical 16116M (3210M free)
TotalPageFile size 65227M (AvailPageFile size 290M)
current process WorkingSet (physical memory assigned to process): 233M, peak: 752M
current process commit charge ("private bytes"): 15200M, peak: 15560M

vm_info: Java HotSpot(TM) 64-Bit Server VM (13.0.2+8) for windows-amd64 JRE (13.0.2+8), built on Dec 11 2019 09:20:33 by "mach5one" with unknown MS VC++:1916

END.
